2025-03-08 09:56:39:5639 [32minfo[39m: [32mServer is running on port 3000[39m
2025-03-08 09:56:59:5659 [32minfo[39m: [32mServer is running on port 3000[39m
2025-03-08 10:00:31:031 [32minfo[39m: [32mServer is running on port 3000[39m
2025-03-08 10:00:50:050 [32minfo[39m: [32mServer is running on http://localhost:3000[39m
2025-03-08 10:05:50:550 [32minfo[39m: [32mServer is running on http://localhost:3000[39m
2025-03-08 10:06:38:638 [32minfo[39m: [32mServer is running on http://localhost:3000[39m
2025-03-08 10:06:41:641 [32minfo[39m: [32mServer is running on http://localhost:3000[39m
2025-03-08 10:07:38:738 [32minfo[39m: [32mServer is running on http://localhost:3000[39m
2025-03-08 10:07:52:752 [32minfo[39m: [32mServer is running on http://localhost:3000[39m
2025-03-08 10:07:57:757 [32minfo[39m: [32mServer is running on http://localhost:3000[39m
2025-03-08 10:08:02:82 [32minfo[39m: [32mServer is running on http://localhost:3000[39m
2025-03-08 10:11:18:1118 [32minfo[39m: [32mServer is running on http://localhost:3000[39m
2025-03-08 10:12:36:1236 [32minfo[39m: [32mServer is running on http://localhost:3000[39m
2025-03-08 10:13:06:136 [32minfo[39m: [32mServer is running on http://localhost:3000[39m
2025-03-08 10:13:08:138 [32minfo[39m: [32mServer is running on http://localhost:3000[39m
2025-03-08 10:13:48:1348 [32minfo[39m: [32mServer is running on http://localhost:3000[39m
2025-03-08 10:18:42:1842 [32minfo[39m: [32mServer is running on http://localhost:3000[39m
2025-03-08 10:21:16:2116 [32minfo[39m: [32mServer is running on http://localhost:3000[39m
2025-03-08 10:43:35:4335 [32minfo[39m: [32mServer is running on http://localhost:3000[39m
2025-03-08 10:43:37:4337 [32minfo[39m: [32mServer is running on http://localhost:3000[39m
2025-03-08 14:32:32:3232 [32minfo[39m: [32mServer is running on http://localhost:3000[39m
2025-03-08 14:51:37:5137 [32minfo[39m: [32mServer is running on http://localhost:3000[39m
2025-03-08 14:54:13:5413 [32minfo[39m: [32mServer is running on http://localhost:3000[39m
2025-03-08 14:55:06:556 [32minfo[39m: [32mServer is running on http://localhost:3000[39m
2025-03-08 14:55:09:559 [32minfo[39m: [32mServer is running on http://localhost:3000[39m
2025-03-08 14:55:42:5542 [32minfo[39m: [32mServer is running on http://localhost:3000[39m
2025-03-08 14:56:38:5638 [32minfo[39m: [32mServer is running on http://localhost:3000[39m
2025-03-08 14:57:05:575 [32minfo[39m: [32mServer is running on http://localhost:3000[39m
2025-03-08 14:57:11:5711 [31merror[39m: [31mError sending verification email: ENOENT: no such file or directory, open 'D:\Dubai Portfolio\complete_auth_next_express\app_backend\src\views\verify-email.hbs'[39m
2025-03-08 14:58:26:5826 [32minfo[39m: [32mServer is running on http://localhost:3000[39m
2025-03-08 14:58:29:5829 [32minfo[39m: [32mServer is running on http://localhost:3000[39m
2025-03-08 14:58:55:5855 [31merror[39m: [31mError sending verification email: The partial header could not be found[39m
2025-03-08 14:59:10:5910 [32minfo[39m: [32mServer is running on http://localhost:3000[39m
2025-03-08 15:01:29:129 [32minfo[39m: [32mServer is running on http://localhost:3000[39m
2025-03-08 15:01:40:140 [32minfo[39m: [32mServer is running on http://localhost:3000[39m
2025-03-08 15:02:02:22 [32minfo[39m: [32mServer is running on http://localhost:3000[39m
2025-03-08 15:02:15:215 [32minfo[39m: [32mServer is running on http://localhost:3000[39m
2025-03-08 15:02:30:230 [32minfo[39m: [32mServer is running on http://localhost:3000[39m
2025-03-08 15:02:53:253 [32minfo[39m: [32mServer is running on http://localhost:3000[39m
2025-03-08 15:08:02:82 [32minfo[39m: [32mServer is running on http://localhost:3000[39m
2025-03-08 15:11:02:112 [31merror[39m: [31mError sending verification email: registerPartials is not defined[39m
2025-03-08 15:11:24:1124 [32minfo[39m: [32mServer is running on http://localhost:3000[39m
2025-03-08 15:11:44:1144 [31merror[39m: [31mError sending verification email: The partial header could not be found[39m
2025-03-08 15:13:34:1334 [32minfo[39m: [32mServer is running on http://localhost:3000[39m
2025-03-08 15:13:57:1357 [31merror[39m: [31mError sending verification email: ENOENT: no such file or directory, open 'D:\Dubai Portfolio\complete_auth_next_express\app_backend\src\templates\verify-email.hbs'[39m
2025-03-08 15:14:18:1418 [32minfo[39m: [32mServer is running on http://localhost:3000[39m
2025-03-08 15:14:42:1442 [32minfo[39m: [32mServer is running on http://localhost:3000[39m
2025-03-08 15:19:27:1927 [31merror[39m: [31mError sending verification email: Greeting never received[39m
2025-03-08 15:22:40:2240 [31merror[39m: [31mError sending verification email: Greeting never received[39m
2025-03-08 15:23:04:234 [32minfo[39m: [32mServer is running on http://localhost:3000[39m
2025-03-08 15:27:09:279 [32minfo[39m: [32mServer is running on http://localhost:3000[39m
2025-03-08 15:27:43:2743 [31merror[39m: [31mError sending verification email: Greeting never received[39m
2025-03-08 15:28:30:2830 [32minfo[39m: [32mServer is running on http://localhost:3000[39m
2025-03-08 15:28:42:2842 [31merror[39m: [31mError sending verification email: getaddrinfo ENOTFOUND mailhog[39m
2025-03-08 15:30:16:3016 [32minfo[39m: [32mServer is running on http://localhost:3000[39m
2025-03-08 15:31:28:3128 [32minfo[39m: [32mServer is running on http://localhost:3000[39m
2025-03-08 15:31:45:3145 [32minfo[39m: [32mReceived kill signal, shutting down gracefully[39m
2025-03-08 15:31:59:3159 [32minfo[39m: [32mServer is running on http://localhost:3000[39m
2025-03-08 15:32:09:329 [31merror[39m: [31mError sending verification email: getaddrinfo ENOTFOUND mailhog[39m
2025-03-08 15:35:50:3550 [32minfo[39m: [32mServer is running on http://localhost:3000[39m
2025-03-08 15:36:29:3629 [31merror[39m: [31mError sending verification email: Greeting never received[39m
2025-03-08 15:36:49:3649 [32minfo[39m: [32mServer is running on http://localhost:3000[39m
2025-03-08 15:37:44:3744 [32minfo[39m: [32mServer is running on http://localhost:3000[39m
2025-03-08 15:37:53:3753 [31merror[39m: [31mError sending verification email: getaddrinfo ENOTFOUND mailhog[39m
2025-03-08 15:44:13:4413 [32minfo[39m: [32mServer is running on http://localhost:3000[39m
2025-03-08 15:45:03:453 [31merror[39m: [31mError sending verification email: Greeting never received[39m
2025-03-08 15:46:06:466 [32minfo[39m: [32mServer is running on http://localhost:3000[39m
2025-03-08 15:46:10:4610 [32minfo[39m: [32mServer is running on http://localhost:3000[39m
2025-03-08 15:46:39:4639 [32minfo[39m: [32mServer is running on http://localhost:3000[39m
2025-03-08 15:46:55:4655 [32minfo[39m: [32mServer is running on http://localhost:3000[39m
2025-03-08 15:47:27:4727 [32minfo[39m: [32mServer is running on http://localhost:3000[39m
2025-03-08 15:48:21:4821 [31merror[39m: [31mError sending verification email: Greeting never received[39m
2025-03-08 15:49:19:4919 [32minfo[39m: [32mServer is running on http://localhost:3000[39m
2025-03-08 15:50:16:5016 [32minfo[39m: [32mServer is running on http://localhost:3000[39m
2025-03-08 15:50:26:5026 [32minfo[39m: [32mServer is running on http://localhost:3000[39m
2025-03-08 15:50:37:5037 [32minfo[39m: [32mServer is running on http://localhost:3000[39m
2025-03-08 15:53:27:5327 [32minfo[39m: [32mServer is running on http://localhost:3000[39m
2025-03-08 15:53:45:5345 [32minfo[39m: [32mVerification email sent to user@example.com[39m
